<?xml version="1.0" encoding="UTF-8"?>
<testsuite name="objectsEverywhereExercise4.TestObjectsEverywhereExercise4" tests="5" skipped="0" failures="0" errors="0" timestamp="2025-09-09T11:42:09.349Z" hostname="MSI" time="0.02">
  <properties/>
  <testcase name="testReverse1" classname="objectsEverywhereExercise4.TestObjectsEverywhereExercise4" time="0.012"/>
  <testcase name="testReverse2" classname="objectsEverywhereExercise4.TestObjectsEverywhereExercise4" time="0.001"/>
  <testcase name="testReverse3" classname="objectsEverywhereExercise4.TestObjectsEverywhereExercise4" time="0.0"/>
  <testcase name="testReverse4" classname="objectsEverywhereExercise4.TestObjectsEverywhereExercise4" time="0.001"/>
  <testcase name="testReverse5" classname="objectsEverywhereExercise4.TestObjectsEverywhereExercise4" time="0.005"/>
  <system-out><![CDATA[]]></system-out>
  <system-err><![CDATA[]]></system-err>
</testsuite>
